0 info it worked if it ends with ok
1 verbose cli [ '/usr/bin/nodejs', '/usr/bin/npm', 'run', 'build:prod' ]
2 info using npm@3.10.10
3 info using node@v6.10.0
4 verbose run-script [ 'prebuild:prod', 'build:prod', 'postbuild:prod' ]
5 info lifecycle rso-eres3@0.0.1~prebuild:prod: rso-eres3@0.0.1
6 silly lifecycle rso-eres3@0.0.1~prebuild:prod: no script for prebuild:prod, continuing
7 info lifecycle rso-eres3@0.0.1~build:prod: rso-eres3@0.0.1
8 verbose lifecycle rso-eres3@0.0.1~build:prod: unsafe-perm in lifecycle true
9 verbose lifecycle rso-eres3@0.0.1~build:prod: PATH: /usr/lib/node_modules/npm/bin/node-gyp-bin:/home/grzegorz/Workspace/rso-eres3/src/frontend/node_modules/.bin:/usr/local/sbin:/usr/local/bin:/usr/sbin:/usr/bin:/sbin:/bin:/usr/games:/usr/local/games:/snap/bin:/home/grzegorz/Pobrane/android-sdk-linux/tools:/home/grzegorz/Pobrane/android-sdk-linux/platform-tools
10 verbose lifecycle rso-eres3@0.0.1~build:prod: CWD: /home/grzegorz/Workspace/rso-eres3/src/frontend
11 silly lifecycle rso-eres3@0.0.1~build:prod: Args: [ '-c', 'webpack -p --progress' ]
12 silly lifecycle rso-eres3@0.0.1~build:prod: Returned: code: 2  signal: null
13 info lifecycle rso-eres3@0.0.1~build:prod: Failed to exec build:prod script
14 verbose stack Error: rso-eres3@0.0.1 build:prod: `webpack -p --progress`
14 verbose stack Exit status 2
14 verbose stack     at EventEmitter.<anonymous> (/usr/lib/node_modules/npm/lib/utils/lifecycle.js:255:16)
14 verbose stack     at emitTwo (events.js:106:13)
14 verbose stack     at EventEmitter.emit (events.js:191:7)
14 verbose stack     at ChildProcess.<anonymous> (/usr/lib/node_modules/npm/lib/utils/spawn.js:40:14)
14 verbose stack     at emitTwo (events.js:106:13)
14 verbose stack     at ChildProcess.emit (events.js:191:7)
14 verbose stack     at maybeClose (internal/child_process.js:877:16)
14 verbose stack     at Process.ChildProcess._handle.onexit (internal/child_process.js:226:5)
15 verbose pkgid rso-eres3@0.0.1
16 verbose cwd /home/grzegorz/Workspace/rso-eres3/src/frontend
17 error Linux 4.4.0-66-generic
18 error argv "/usr/bin/nodejs" "/usr/bin/npm" "run" "build:prod"
19 error node v6.10.0
20 error npm  v3.10.10
21 error code ELIFECYCLE
22 error rso-eres3@0.0.1 build:prod: `webpack -p --progress`
22 error Exit status 2
23 error Failed at the rso-eres3@0.0.1 build:prod script 'webpack -p --progress'.
23 error Make sure you have the latest version of node.js and npm installed.
23 error If you do, this is most likely a problem with the rso-eres3 package,
23 error not with npm itself.
23 error Tell the author that this fails on your system:
23 error     webpack -p --progress
23 error You can get information on how to open an issue for this project with:
23 error     npm bugs rso-eres3
23 error Or if that isn't available, you can get their info via:
23 error     npm owner ls rso-eres3
23 error There is likely additional logging output above.
24 verbose exit [ 1, true ]
